2014-04-27 17:41:43,575 ERROR [Worker-39] - System.err - SLF4J: Failed to load class "org.slf4j.impl.StaticLoggerBinder".
2014-04-27 17:41:43,576 ERROR [Worker-39] - System.err - SLF4J: Defaulting to no-operation (NOP) logger implementation
2014-04-27 17:41:43,576 ERROR [Worker-39] - System.err - SLF4J: See http://www.slf4j.org/codes.html#StaticLoggerBinder for further details.
2014-05-07 21:28:50,956 ERROR [Worker-302] - System.err - SLF4J: Failed to load class "org.slf4j.impl.StaticLoggerBinder".
2014-05-07 21:28:50,957 ERROR [Worker-302] - System.err - SLF4J: Defaulting to no-operation (NOP) logger implementation
2014-05-07 21:28:50,957 ERROR [Worker-302] - System.err - SLF4J: See http://www.slf4j.org/codes.html#StaticLoggerBinder for further details.
2014-05-12 07:44:15,869 ERROR [Worker-2] - System.err - SLF4J: Failed to load class "org.slf4j.impl.StaticLoggerBinder".
2014-05-12 07:44:15,870 ERROR [Worker-2] - System.err - SLF4J: Defaulting to no-operation (NOP) logger implementation
2014-05-12 07:44:15,870 ERROR [Worker-2] - System.err - SLF4J: See http://www.slf4j.org/codes.html#StaticLoggerBinder for further details.
2014-05-23 21:40:16,821 ERROR [Worker-288] - System.err - SLF4J: Failed to load class "org.slf4j.impl.StaticLoggerBinder".
2014-05-23 21:40:16,822 ERROR [Worker-288] - System.err - SLF4J: Defaulting to no-operation (NOP) logger implementation
2014-05-23 21:40:16,822 ERROR [Worker-288] - System.err - SLF4J: See http://www.slf4j.org/codes.html#StaticLoggerBinder for further details.
2014-05-30 21:41:16,199  WARN [Worker-6] - ImplicitHighlightingPresenter - Timeout while waiting for `askLoadedTyped` during implicit highlighting.
2014-05-31 17:57:30,930 ERROR [main] - org.scala-ide.sdt.core - org.scala-ide.sdt.core - org.scala-ide.sdt.core - 0 - Error during askOption
java.lang.StringIndexOutOfBoundsException: String index out of range: -1
	at java.lang.String.substring(String.java:1937)
	at scala.tools.refactoring.common.PimpedTrees$TreeMethodsForPositions.nameString(PimpedTrees.scala:317)
	at scala.tools.refactoring.common.PimpedTrees$TreeMethodsForPositions.namePosition(PimpedTrees.scala:233)
	at scala.tools.eclipse.semantichighlighting.classifier.SafeSymbol$$anonfun$5.apply(SafeSymbol.scala:109)
	at scala.tools.eclipse.semantichighlighting.classifier.SafeSymbol$$anonfun$5.apply(SafeSymbol.scala:109)
	at scala.tools.nsc.util.InterruptReq.execute(InterruptReq.scala:26)
	at scala.tools.nsc.interactive.Global.pollForWork(Global.scala:346)
	at scala.tools.nsc.interactive.PresentationCompilerThread.run(PresentationCompilerThread.scala:22)
2014-05-31 17:57:33,435 ERROR [main] - org.scala-ide.sdt.core - org.scala-ide.sdt.core - org.scala-ide.sdt.core - 0 - Error during askOption
java.lang.StringIndexOutOfBoundsException: String index out of range: -1
	at java.lang.String.substring(String.java:1937)
	at scala.tools.refactoring.common.PimpedTrees$TreeMethodsForPositions.nameString(PimpedTrees.scala:317)
	at scala.tools.refactoring.common.PimpedTrees$TreeMethodsForPositions.namePosition(PimpedTrees.scala:233)
	at scala.tools.eclipse.semantichighlighting.classifier.SafeSymbol$$anonfun$5.apply(SafeSymbol.scala:109)
	at scala.tools.eclipse.semantichighlighting.classifier.SafeSymbol$$anonfun$5.apply(SafeSymbol.scala:109)
	at scala.tools.nsc.util.InterruptReq.execute(InterruptReq.scala:26)
	at scala.tools.nsc.interactive.Global.pollForWork(Global.scala:346)
	at scala.tools.nsc.interactive.PresentationCompilerThread.run(PresentationCompilerThread.scala:22)
2014-05-31 20:58:16,179 ERROR [Worker-124] - System.err - SLF4J: Failed to load class "org.slf4j.impl.StaticLoggerBinder".
2014-05-31 20:58:16,179 ERROR [Worker-124] - System.err - SLF4J: Defaulting to no-operation (NOP) logger implementation
2014-05-31 20:58:16,179 ERROR [Worker-124] - System.err - SLF4J: See http://www.slf4j.org/codes.html#StaticLoggerBinder for further details.
2014-06-09 18:38:09,114 ERROR [Worker-347] - System.err - SLF4J: Failed to load class "org.slf4j.impl.StaticLoggerBinder".
2014-06-09 18:38:09,115 ERROR [Worker-347] - System.err - SLF4J: Defaulting to no-operation (NOP) logger implementation
2014-06-09 18:38:09,115 ERROR [Worker-347] - System.err - SLF4J: See http://www.slf4j.org/codes.html#StaticLoggerBinder for further details.
